<?xml version="1.0" encoding="UTF-8"?>
<testsuites name="Basic" time="15" tests="1" failures="0" errors="0">
   <testsuite name="Basic" tests="1" failures="0" errors="0" time="15" timestamp="2018-08-30 18:20:16" hostname="nbeshir - KARRAR-FAMILY" id="Test Suites/Basic">
      <properties>
         <property name="deviceName" value=""/>
         <property name="devicePlatform" value=""/>
         <property name="logFolder" value="D:\\KatalonProjects\\CURA Test Project\\Reports\\Basic\\20180830_182009"/>
         <property name="logFiles" value="D:\\KatalonProjects\\CURA Test Project\\Reports\\Basic\\20180830_182009\\execution0.log"/>
         <property name="attachments" value=""/>
         <property name="hostName" value="nbeshir - KARRAR-FAMILY"/>
         <property name="os" value="Windows 8.1 64bit"/>
         <property name="katalonVersion" value="5.4.2.1"/>
         <property name="browser" value="Firefox 61.0"/>
         <property name="hostAddress" value="192.168.56.1"/>
         <property name="sessionId" value="491017b1-11f2-428b-acb3-a72314bae54c"/>
         <property name="seleniumVersion" value="3.7.1"/>
         <property name="proxyInformation" value="ProxyInformation{proxyOption=NO_PROXY, proxyServerType=HTTP, password=, proxyServerAddress=, proxyServerPort=0}"/>
         <property name="platform" value="Windows 8.1"/>
      </properties>
      <testcase name="Test Cases/Basic" classname="Test Cases/Basic" status="PASSED">
         <system-out><![CDATA[2018-08-30 18:20:17 - [TEST_CASE][PASSED] - Test Cases/Basic: Test Cases/Basic

2018-08-30 18:20:17 - [TEST_STEP][PASSED] - openBrowser: Browser is opened with url: ''

2018-08-30 18:20:24 - [MESSAGE][PASSED] - Browser is opened with url: ''

2018-08-30 18:20:24 - [TEST_STEP][PASSED] - navigateToUrl: Navigate to 'https://katalon-demo-cura.herokuapp.com/' successfully

2018-08-30 18:20:27 - [MESSAGE][PASSED] - Navigate to 'https://katalon-demo-cura.herokuapp.com/' successfully

2018-08-30 18:20:27 - [TEST_STEP][PASSED] - click: Object: 'Object Repository/Page_CURA Healthcare Service/a_Make Appointment' is clicked on

2018-08-30 18:20:28 - [MESSAGE][PASSED] - Object: 'Object Repository/Page_CURA Healthcare Service/a_Make Appointment' is clicked on

2018-08-30 18:20:28 - [TEST_STEP][PASSED] - setText: Text 'John Doe' is set on object 'Object Repository/Page_CURA Healthcare Service/input_username'

2018-08-30 18:20:28 - [MESSAGE][PASSED] - Text 'John Doe' is set on object 'Object Repository/Page_CURA Healthcare Service/input_username'

2018-08-30 18:20:28 - [TEST_STEP][PASSED] - setText: Text 'ThisIsNotAPassword' is set on object 'Object Repository/Page_CURA Healthcare Service/input_password'

2018-08-30 18:20:28 - [MESSAGE][PASSED] - Text 'ThisIsNotAPassword' is set on object 'Object Repository/Page_CURA Healthcare Service/input_password'

2018-08-30 18:20:28 - [TEST_STEP][PASSED] - click: Object: 'Object Repository/Page_CURA Healthcare Service/button_Login' is clicked on

2018-08-30 18:20:28 - [MESSAGE][PASSED] - Object: 'Object Repository/Page_CURA Healthcare Service/button_Login' is clicked on

2018-08-30 18:20:28 - [TEST_STEP][PASSED] - selectOptionByValue: All options with value 'Hongkong CURA Healthcare Center' are selected in object 'Object Repository/Page_CURA Healthcare Service/select_Tokyo CURA Healthcare C'  using regular expression

2018-08-30 18:20:29 - [MESSAGE][PASSED] - All options with value 'Hongkong CURA Healthcare Center' are selected in object 'Object Repository/Page_CURA Healthcare Service/select_Tokyo CURA Healthcare C'  using regular expression

2018-08-30 18:20:29 - [TEST_STEP][PASSED] - click: Object: 'Object Repository/Page_CURA Healthcare Service/input_hospital_readmission' is clicked on

2018-08-30 18:20:29 - [MESSAGE][PASSED] - Object: 'Object Repository/Page_CURA Healthcare Service/input_hospital_readmission' is clicked on

2018-08-30 18:20:29 - [TEST_STEP][PASSED] - click: Object: 'Object Repository/Page_CURA Healthcare Service/input_programs' is clicked on

2018-08-30 18:20:29 - [MESSAGE][PASSED] - Object: 'Object Repository/Page_CURA Healthcare Service/input_programs' is clicked on

2018-08-30 18:20:29 - [TEST_STEP][PASSED] - click: Object: 'Object Repository/Page_CURA Healthcare Service/span_glyphicon glyphicon-calen' is clicked on

2018-08-30 18:20:29 - [MESSAGE][PASSED] - Object: 'Object Repository/Page_CURA Healthcare Service/span_glyphicon glyphicon-calen' is clicked on

2018-08-30 18:20:29 - [TEST_STEP][PASSED] - click: Object: 'Object Repository/Page_CURA Healthcare Service/th_' is clicked on

2018-08-30 18:20:30 - [MESSAGE][PASSED] - Object: 'Object Repository/Page_CURA Healthcare Service/th_' is clicked on

2018-08-30 18:20:30 - [TEST_STEP][PASSED] - click: Object: 'Object Repository/Page_CURA Healthcare Service/td_30' is clicked on

2018-08-30 18:20:30 - [MESSAGE][PASSED] - Object: 'Object Repository/Page_CURA Healthcare Service/td_30' is clicked on

2018-08-30 18:20:30 - [TEST_STEP][PASSED] - setText: Text 'This is a comment' is set on object 'Object Repository/Page_CURA Healthcare Service/textarea_comment'

2018-08-30 18:20:30 - [MESSAGE][PASSED] - Text 'This is a comment' is set on object 'Object Repository/Page_CURA Healthcare Service/textarea_comment'

2018-08-30 18:20:30 - [TEST_STEP][PASSED] - click: Object: 'Object Repository/Page_CURA Healthcare Service/button_Book Appointment' is clicked on

2018-08-30 18:20:30 - [MESSAGE][PASSED] - Object: 'Object Repository/Page_CURA Healthcare Service/button_Book Appointment' is clicked on

2018-08-30 18:20:30 - [TEST_STEP][PASSED] - click: Object: 'Object Repository/Page_CURA Healthcare Service/a_menu-toggle' is clicked on

2018-08-30 18:20:31 - [MESSAGE][PASSED] - Object: 'Object Repository/Page_CURA Healthcare Service/a_menu-toggle' is clicked on

2018-08-30 18:20:31 - [TEST_STEP][PASSED] - click: Object: 'Object Repository/Page_CURA Healthcare Service/a_Logout' is clicked on

2018-08-30 18:20:31 - [MESSAGE][PASSED] - Object: 'Object Repository/Page_CURA Healthcare Service/a_Logout' is clicked on

2018-08-30 18:20:31 - [TEST_STEP][PASSED] - closeBrowser: Browser is closed

2018-08-30 18:20:31 - [MESSAGE][PASSED] - Browser is closed]]></system-out>
         <system-err><![CDATA[]]></system-err>
      </testcase>
      <system-out><![CDATA[2018-08-30 18:20:16 - [TEST_SUITE][PASSED] - Basic: Test Cases/Basic]]></system-out>
      <system-err><![CDATA[]]></system-err>
   </testsuite>
</testsuites>
